------- FILE game.s LEVEL 1 PASS 2
      1  128c ????						; Shankar Ganesh, Abhinav Saxena, Scott Peters, Naznin Shishir
      2  128c ????						; CPSC 599.82 - Final Submission
      3  128c ????						; Survival Hunt (main game file)
      4  128c ????
      5  128c ????						; ------------ Basic stub -----------
      6  128c ????				      processor	6502
      7  1001					      org	$1001
      8  1001
      9  1001				   basic_stub
     10  1001		       0b 10		      dc.w	.basic_end
     11  1003		       57 15		      dc.w	5463
     12  1005		       9e 34 31 30*	      dc.b	$9e, "4109", $00
     13  100b				   .basic_end
     14  100b		       00 00		      dc.w	$00
     15  100d
     16  100d							; ----------- includes --------------
     17  100d							; add all the include files here..
------- FILE constants.s LEVEL 2 PASS 2
      0  100d					      include	"constants.s"
      1  100d							; Shankar Ganesh, Abhinav Saxena, Scott Peters, Naznin Shishir
      2  100d							; CPSC 599.82 - Final Submission
      3  100d							; Survival Hunt (some macros for the vic-20)
      4  100d
      5  100d							; --------------------------------------
      6  100d							; from test program - 3_megitsuneBM
      7  100d							; --------------------------------------
      8  100d		       00 a2	   JTIMER     EQU	$A2
      9  100d		       90 0a	   OSCLO      EQU	$900A
     10  100d		       90 0b	   OSCMID     EQU	$900B
     11  100d		       90 0c	   OSCHI      EQU	$900C
     12  100d		       90 0d	   NOISE      EQU	$900D
     13  100d		       90 0e	   VOL	      EQU	$900E
     14  100d
     15  100d							; --------------------------------------
     16  100d							; from test program - 4_customChar
     17  100d							; --------------------------------------
     18  100d							;;;;;;;;;;; EQUATES ;;;;;;;;;;
     19  100d		       1c 00	   CUSTCHRS   EQU	$1C00
     20  100d		       1e 00	   SCRNMEM    EQU	$1E00
     21  100d		       00 08	   MULTCOL    EQU	$08
     22  100d		       00 16	   NCOLUMNS   EQU	22
     23  100d		       00 17	   NROWS      EQU	23
     24  100d		       96 00	   SCRNCOLOR  EQU	$9600
     25  100d
     26  100d							; Screen Settings
     27  100d		       90 02	   SCRNCOL    EQU	$9002
     28  100d		       90 03	   SCRNROW    EQU	$9003
     29  100d		       90 05	   SCRCHM     EQU	$9005
     30  100d		       90 0f	   SCRCOL     EQU	$900F
     31  100d
     32  100d							;;;;;;;;;;; ZP ;;;;;;;;;;;;
     33  100d
     34  100d		       00 07	   POSADDR    EQU	$7
     35  100d		       00 07	   POSADDRLO  EQU	$7
     36  100d		       00 08	   POSADDRHI  EQU	$8
     37  100d
     38  100d		       00 09	   COLORADDR  EQU	$9
     39  100d		       00 09	   COLORADDRLO EQU	$9
     40  100d		       00 0a	   COLORADDRHI EQU	$A
     41  100d		       00 0b	   COLOR      EQU	$B
     42  100d
     43  100d		       00 0c	   POSX       EQU	$C
     44  100d		       00 0d	   POSY       EQU	$D
     45  100d
     46  100d							; --------------------------------------
     47  100d							; from test program - 6_borderwithcharacters
     48  100d							; --------------------------------------
     49  100d		       ff d2	   CHROUT     EQU	$ffd2
     50  100d		       ff c9	   CHKOUT     EQU	$ffc9
     51  100d
     52  100d							; --------------------------------------
     53  100d							; from test program - 7_joystick
     54  100d							; --------------------------------------
     55  100d							;;;;;;;;;;; ZP ;;;;;;;;;;;;
     56  100d		       00 0e	   OLDPOSX    EQU	$E	; FIXME(abhinav): maybe we don't need these anymore?
     57  100d		       00 0f	   OLDPOSY    EQU	$F
     58  100d
     59  100d							; --------------------------------------
     60  100d							; from the test program - 8_irq
     61  100d							; --------------------------------------
     62  100d							;;;;;;;;;;; EQUATES ;;;;;;;;;;
     63  100d		       00 14	   CURRINT    EQU	$14
     64  100d		       91 25	   VIATIMERHI EQU	$9125
     65  100d		       91 24	   VIATIMERLO EQU	$9124
     66  100d
     67  100d
     68  100d							; ----------------------
     69  100d							; for game
     70  100d							; ----------------------
     71  100d		       00 61	   SEED       EQU	$61	; 61 to 62 is our 16 bit SEED
     72  100d		       90 0a	   SOUND1     EQU	$900a
     73  100d		       90 0b	   SOUND2     EQU	$900b
     74  100d		       90 0c	   SOUND3     EQU	$900c
     75  100d		       00 60	   RAND       EQU	$60
     76  100d		       00 8b	   KSEED1     EQU	$8b
     77  100d		       00 8c	   KSEED2     EQU	$8c
     78  100d		       00 8d	   KSEED3     EQU	$8d
     79  100d		       00 8e	   KSEED4     EQU	$8e
     80  100d		       00 8f	   KSEED5     EQU	$8f
     81  100d		       91 16	   TIMER1LOW  EQU	$9116	; (37142)  Timer 1 low byte
     82  100d		       91 17	   TIMER1HIGH EQU	$9117	; (37143)  Timer 1 high byte
     83  100d		       91 18	   TIMER2LOW  EQU	$9118	; (37144)  Timer 2 low byte
     84  100d		       91 19	   TIMER2HIGH EQU	$9119	; (37145)  Timer 2 high byte
------- FILE game.s
------- FILE title.s LEVEL 2 PASS 2
      0  100d					      include	"title.s"
      1  100d							; Shankar Ganesh, Abhinav Saxena, Scott Peters, Naznin Shishir
      2  100d							; CPSC 599.82 - Final Submission
      3  100d							; Survival Hunt (title page for our game)
      4  100d
      5  100d				   title
      6  100d		       a0 00		      ldy	#$00	; Init counter
      7  100f		       20 5b 12 	      jsr	cls	; clear screen
      8  1012		       a9 7d		      lda	#$7d
      9  1014		       8d 0f 90 	      sta	$900F	; Screen color, Border color
     10  1017
     11  1017		       a9 13		      lda	#$13	;s
     12  1019		       8d 30 1e 	      sta	$1e30
     13  101c		       a9 15		      lda	#$15	;u
     14  101e		       8d 31 1e 	      sta	$1e31
     15  1021		       a9 12		      lda	#$12	;r
     16  1023		       8d 32 1e 	      sta	$1e32
     17  1026		       a9 16		      lda	#$16	;v
     18  1028		       8d 33 1e 	      sta	$1e33
     19  102b		       a9 09		      lda	#$09	;i
     20  102d		       8d 34 1e 	      sta	$1e34
     21  1030		       a9 16		      lda	#$16	;v
     22  1032		       8d 35 1e 	      sta	$1e35
     23  1035		       a9 01		      lda	#$01	;a
     24  1037		       8d 36 1e 	      sta	$1e36
     25  103a		       a9 0c		      lda	#$0c	;l
     26  103c		       8d 37 1e 	      sta	$1e37
     27  103f
     28  103f		       a9 08		      lda	#$08	;h
     29  1041		       8d 39 1e 	      sta	$1e39
     30  1044		       a9 15		      lda	#$15	;u
     31  1046		       8d 3a 1e 	      sta	$1e3a
     32  1049		       a9 0e		      lda	#$e	;n
     33  104b		       8d 3b 1e 	      sta	$1e3b
     34  104e		       a9 14		      lda	#$14	;t
     35  1050		       8d 3c 1e 	      sta	$1e3c
     36  1053
     37  1053
     38  1053		       a9 07		      lda	#$07	;g
     39  1055		       8d 75 1e 	      sta	$1e75
     40  1058		       a9 12		      lda	#$12	;r
     41  105a		       8d 76 1e 	      sta	$1e76
     42  105d		       a9 0f		      lda	#$f	;o
     43  105f		       8d 77 1e 	      sta	$1e77
     44  1062		       a9 15		      lda	#$15	;u
     45  1064		       8d 78 1e 	      sta	$1e78
     46  1067		       a9 10		      lda	#$10	;p
     47  1069		       8d 79 1e 	      sta	$1e79
     48  106c
     49  106c		       a9 30		      lda	#$30	;0
     50  106e		       8d 7b 1e 	      sta	$1e7b
     51  1071		       a9 39		      lda	#$39	;9
     52  1073		       8d 7c 1e 	      sta	$1e7c
     53  1076
     54  1076		       a9 13		      lda	#$13	;s
     55  1078		       8d 9e 1e 	      sta	$1e9e
     56  107b		       a9 08		      lda	#$08	;h
     57  107d		       8d 9f 1e 	      sta	$1e9f
     58  1080		       a9 01		      lda	#$01	;a
     59  1082		       8d a0 1e 	      sta	$1ea0
     60  1085		       a9 0e		      lda	#$e	;n
     61  1087		       8d a1 1e 	      sta	$1ea1
     62  108a		       a9 0b		      lda	#$b	;k
     63  108c		       8d a2 1e 	      sta	$1ea2
     64  108f		       a9 01		      lda	#$01	;a
     65  1091		       8d a3 1e 	      sta	$1ea3
     66  1094		       a9 12		      lda	#$12	;r
     67  1096		       8d a4 1e 	      sta	$1ea4
     68  1099
     69  1099		       a9 07		      lda	#$07	;g
     70  109b		       8d a6 1e 	      sta	$1ea6
     71  109e		       a9 01		      lda	#$01	;a
     72  10a0		       8d a7 1e 	      sta	$1ea7
     73  10a3		       a9 0e		      lda	#$e	;n
     74  10a5		       8d a8 1e 	      sta	$1ea8
     75  10a8		       a9 05		      lda	#$5	;e
     76  10aa		       8d a9 1e 	      sta	$1ea9
     77  10ad		       a9 13		      lda	#$13	;s
     78  10af		       8d aa 1e 	      sta	$1eaa
     79  10b2		       a9 08		      lda	#$08	;h
     80  10b4		       8d ab 1e 	      sta	$1eab
     81  10b7
     82  10b7		       a9 2c		      lda	#$2c	;,
     83  10b9		       8d ac 1e 	      sta	$1eac
     84  10bc
     85  10bc		       a9 01		      lda	#$01	;a
     86  10be		       8d ca 1e 	      sta	$1eca
     87  10c1		       a9 02		      lda	#$02	;b
     88  10c3		       8d cb 1e 	      sta	$1ecb
     89  10c6		       a9 08		      lda	#$08	;h
     90  10c8		       8d cc 1e 	      sta	$1ecc
     91  10cb		       a9 09		      lda	#$09	;i
     92  10cd		       8d cd 1e 	      sta	$1ecd
     93  10d0		       a9 0e		      lda	#$e	;n
     94  10d2		       8d ce 1e 	      sta	$1ece
     95  10d5		       a9 01		      lda	#$01	;a
     96  10d7		       8d cf 1e 	      sta	$1ecf
     97  10da		       a9 16		      lda	#$16	;v
     98  10dc		       8d d0 1e 	      sta	$1ed0
     99  10df
    100  10df		       a9 13		      lda	#$13	;s
    101  10e1		       8d d2 1e 	      sta	$1ed2
    102  10e4		       a9 01		      lda	#$01	;a
    103  10e6		       8d d3 1e 	      sta	$1ed3
    104  10e9		       a9 18		      lda	#$18	;x
    105  10eb		       8d d4 1e 	      sta	$1ed4
    106  10ee		       a9 05		      lda	#$05	;e
    107  10f0		       8d d5 1e 	      sta	$1ed5
    108  10f3		       a9 0e		      lda	#$e	;n
    109  10f5		       8d d6 1e 	      sta	$1ed6
    110  10f8		       a9 01		      lda	#$01	;a
    111  10fa		       8d d7 1e 	      sta	$1ed7
    112  10fd		       a9 2c		      lda	#$2c	;,
    113  10ff		       8d d8 1e 	      sta	$1ed8
    114  1102
    115  1102		       a9 13		      lda	#$13	;s
    116  1104		       8d f7 1e 	      sta	$1ef7
    117  1107		       a9 03		      lda	#$03	;c
    118  1109		       8d f8 1e 	      sta	$1ef8
    119  110c		       a9 0f		      lda	#$f	;o
    120  110e		       8d f9 1e 	      sta	$1ef9
    121  1111		       a9 14		      lda	#$14	;t
    122  1113		       8d fa 1e 	      sta	$1efa
    123  1116		       a9 14		      lda	#$14	;t
    124  1118		       8d fb 1e 	      sta	$1efb
    125  111b
    126  111b
    127  111b		       a9 10		      lda	#$10	;p
    128  111d		       8d fd 1e 	      sta	$1efd
    129  1120		       a9 05		      lda	#$05	;e
    130  1122		       8d fe 1e 	      sta	$1efe
    131  1125		       a9 14		      lda	#$14	;t
    132  1127		       8d ff 1e 	      sta	$1eff
    133  112a		       a9 05		      lda	#$05	;e
    134  112c		       8d 00 1f 	      sta	$1f00
    135  112f		       a9 12		      lda	#$12	;r
    136  1131		       8d 01 1f 	      sta	$1f01
    137  1134		       a9 13		      lda	#$13	;s
    138  1136		       8d 02 1f 	      sta	$1f02
    139  1139		       a9 2c		      lda	#$2c	;,
    140  113b		       8d 03 1f 	      sta	$1f03
    141  113e
    142  113e		       a9 0e		      lda	#$e	;n
    143  1140		       8d 22 1f 	      sta	$1f22
    144  1143		       a9 01		      lda	#$01	;a
    145  1145		       8d 23 1f 	      sta	$1f23
    146  1148		       a9 1a		      lda	#$1a	;z
    147  114a		       8d 24 1f 	      sta	$1f24
    148  114d		       a9 0e		      lda	#$e	;n
    149  114f		       8d 25 1f 	      sta	$1f25
    150  1152		       a9 09		      lda	#$09	;i
    151  1154		       8d 26 1f 	      sta	$1f26
    152  1157		       a9 0e		      lda	#$e	;n
    153  1159		       8d 27 1f 	      sta	$1f27
    154  115c
    155  115c		       a9 13		      lda	#$13	;s
    156  115e		       8d 29 1f 	      sta	$1f29
    157  1161		       a9 08		      lda	#$08	;h
    158  1163		       8d 2a 1f 	      sta	$1f2a
    159  1166
    160  1166		       a9 09		      lda	#$09	;i
    161  1168		       8d 2b 1f 	      sta	$1f2b
    162  116b		       a9 13		      lda	#$13	;s
    163  116d		       8d 2c 1f 	      sta	$1f2c
    164  1170
    165  1170		       a9 08		      lda	#$08	;h
    166  1172		       8d 2d 1f 	      sta	$1f2d
    167  1175		       a9 09		      lda	#$09	;i
    168  1177		       8d 2e 1f 	      sta	$1f2e
    169  117a		       a9 12		      lda	#$12	;r
    170  117c		       8d 2f 1f 	      sta	$1f2f
    171  117f
    172  117f		       a9 22		      lda	#$22	;"
    173  1181		       8d 4a 1f 	      sta	$1f4a
    174  1184
    175  1184		       a9 10		      lda	#$10	;p
    176  1186		       8d 4b 1f 	      sta	$1f4b
    177  1189		       a9 12		      lda	#$12	;r
    178  118b		       8d 4c 1f 	      sta	$1f4c
    179  118e
    180  118e		       a9 05		      lda	#$05	;e
    181  1190		       8d 4d 1f 	      sta	$1f4d
    182  1193		       a9 13		      lda	#$13	;s
    183  1195		       8d 4e 1f 	      sta	$1f4e
    184  1198		       a9 13		      lda	#$13	;s
    185  119a		       8d 4f 1f 	      sta	$1f4f
    186  119d
    187  119d		       a9 13		      lda	#$13	;s
    188  119f		       8d 51 1f 	      sta	$1f51
    189  11a2
    190  11a2		       a9 10		      lda	#$10	;p
    191  11a4		       8d 52 1f 	      sta	$1f52
    192  11a7		       a9 01		      lda	#$01	;a
    193  11a9		       8d 53 1f 	      sta	$1f53
    194  11ac		       a9 03		      lda	#$03	;c
    195  11ae		       8d 54 1f 	      sta	$1f54
    196  11b1		       a9 05		      lda	#$05	;e
    197  11b3		       8d 55 1f 	      sta	$1f55
    198  11b6
    199  11b6		       a9 14		      lda	#$14	;t
    200  11b8		       8d 57 1f 	      sta	$1f57
    201  11bb		       a9 0f		      lda	#$f	;o
    202  11bd		       8d 58 1f 	      sta	$1f58
    203  11c0
    204  11c0		       a9 13		      lda	#$13	;s
    205  11c2		       8d 5a 1f 	      sta	$1f5a
    206  11c5
    207  11c5		       a9 14		      lda	#$14	;t
    208  11c7		       8d 5b 1f 	      sta	$1f5b
    209  11ca		       a9 01		      lda	#$01	;a
    210  11cc		       8d 5c 1f 	      sta	$1f5c
    211  11cf
    212  11cf		       a9 12		      lda	#$12	;r
    213  11d1		       8d 5d 1f 	      sta	$1f5d
    214  11d4		       a9 14		      lda	#$14	;t
    215  11d6		       8d 5e 1f 	      sta	$1f5e
    216  11d9		       a9 22		      lda	#$22	;"
    217  11db		       8d 5f 1f 	      sta	$1f5f
    218  11de
    219  11de
    220  11de		       a9 32		      lda	#$32	;2
    221  11e0		       8d 00 1e 	      sta	$1e00
    222  11e3		       a9 30		      lda	#$30	;0
    223  11e5		       8d 01 1e 	      sta	$1e01
    224  11e8		       a9 32		      lda	#$32	;2
    225  11ea		       8d 02 1e 	      sta	$1e02
    226  11ed		       a9 32		      lda	#$32	;2
    227  11ef		       8d 03 1e 	      sta	$1e03
    228  11f2
    229  11f2		       4c f5 11 	      jmp	INF
    230  11f5
    231  11f5				   INF
    232  11f5		       4c f5 11 	      jmp	INF
    233  11f8
    234  11f8		       60	   .RETURN    rts
    235  11f9							;s   u   r   v   i   v   a   l       h  u   n	t
    236  11f9		       13 15 12 16*GAMENAME   .byte.b	$13,$15,$12,$16,$09,$16,$01,$0c,$0,$08,$15,$e,$14
    237  1206
    238  1206
    239  1206				   GROUP		;	   g	r   o  u   p	  0   9
    240  1206		       07 12 0f 15*	      .byte.b	$07,$12,$f,$15,$10,$0,$30,$39
    241  120e
    242  120e				   NAMES		;	s   h	 a  n  k  a  r	    g	a   n  e  s   h    ,
    243  120e		       13 08 01 0e*	      .byte.b	$13,$08,$01,$e,$b,$01,$12,$0,$07,$01,$e,$5,$13,$08,$2c
    244  121d							;	a   b	h   i	n  a   v      s   a   x   e   n  a   ,
    245  121d		       01 02 08 09*	      .byte.b	$01,$02,$08,$09,$e,$01,$16,$0,$13,$01,$18,$05,$e,$01,$2c
    246  122c							;	s   c	o  t   t      p    e   t  e   r   s   ,
    247  122c		       13 03 0f 14*	      .byte.b	$13,$03,$f,$14,$14,$0,$10,$05,$14,$05,$12,$13,$2c
    248  1239							;	n  a   z   n  i   n	s   h	i   s	h   i	r
    249  1239		       0e 01 1a 0e*	      .byte.b	$e,$01,$1a,$e,$09,$e,$0,$13,$08,$09,$13,$08,$09,$12
    250  1247
    251  1247				   BEGIN		;	p   r	e  s	s     s    p   a   c   e      t  o	s   t	a   r	t
    252  1247		       10 12 05 13*	      .byte.b	$10,$12,$05,$13,$13,$0,$13,$10,$01,$03,$05,$0,$14,$f,$0,$13,$14,$01,$12,$14
------- FILE game.s
------- FILE utils.s LEVEL 2 PASS 2
      0  125b					      include	"utils.s"
      1  125b							; Shankar Ganesh, Abhinav Saxena, Scott Peters, Naznin Shishir
      2  125b							; CPSC 599.82 - Final Submission
      3  125b							; Survival Hunt (some game utils)
      4  125b
utils.s (5): error: Unknown Mnemonic 'TEST'.
      5  125b				   IF	      TEST	> 0
utils.s (6): error: Unknown Mnemonic 'SEED'.
      6  125b					      SEED	EQU $61	; 61 to 62 is our 16 bit SEED
utils.s (7): error: Unknown Mnemonic 'SOUND1'.
      7  125b					      SOUND1	EQU $900a
utils.s (8): error: Unknown Mnemonic 'SOUND2'.
      8  125b					      SOUND2	EQU $900b
utils.s (9): error: Unknown Mnemonic 'SOUND3'.
      9  125b					      SOUND3	EQU $900c
utils.s (10): error: Unknown Mnemonic 'RAND'.
     10  125b					      RAND	EQU $60
utils.s (11): error: Unknown Mnemonic 'KSEED1'.
     11  125b					      KSEED1	EQU $8b
utils.s (12): error: Unknown Mnemonic 'KSEED2'.
     12  125b					      KSEED2	EQU $8c
utils.s (13): error: Unknown Mnemonic 'KSEED3'.
     13  125b					      KSEED3	EQU $8d
utils.s (14): error: Unknown Mnemonic 'KSEED4'.
     14  125b					      KSEED4	EQU $8e
utils.s (15): error: Unknown Mnemonic 'KSEED5'.
     15  125b					      KSEED5	EQU $8f
utils.s (16): error: Unknown Mnemonic 'TIMER1LOW'.
     16  125b					      TIMER1LOW	EQU $9116	; (37142)  Timer 1 low byte
utils.s (17): error: Unknown Mnemonic 'TIMER1HIGH'.
     17  125b					      TIMER1HIGH	EQU $9117	; (37143)  Timer 1 high byte
utils.s (18): error: Unknown Mnemonic 'TIMER2LOW'.
     18  125b					      TIMER2LOW	EQU $9118	; (37144)  Timer 2 low byte
utils.s (19): error: Unknown Mnemonic 'TIMER2HIGH'.
     19  125b					      TIMER2HIGH	EQU $9119	; (37145)  Timer 2 high byte
utils.s (20): error: Unknown Mnemonic 'NOISE'.
     20  125b					      NOISE	EQU $900D
     21  125b				   ENDIF
     22  125b
     23  125b
     24  125b				   cls
     25  125b							; subroutine for clearning screen
     26  125b		       a9 93		      lda	#147
     27  125d							; CHR_CLR_HOME (147)
     28  125d		       20 d2 ff 	      jsr	$ffd2
     29  1260							; CHROUT
     30  1260		       60		      rts
     31  1261
     32  1261							; ---------------- PRNG -------------------------
     33  1261							; Generating unique seed
     34  1261							; we know that 139 (8b) -143 (8f) is RND seed value
     35  1261							; for prng - we just need the seed to be unique. So what we do is: we get the seed from rnd seed 4 ($8e)
     36  1261							; from the kernel. Then we xor it with sound 1 ($900a) and store it 1st byte of seed.
     37  1261							; Next, we get the random seed 2 from the kernel, xor is with random seed 3 and then xor again with noise.
     38  1261							; the result we store in the 2nd byte of seed.
     39  1261
     40  1261				   generate_seed
     41  1261		       a5 8e		      lda	KSEED4
     42  1263		       4d 0a 90 	      eor	SOUND1
     43  1266		       85 61		      sta	SEED+0
     44  1268		       a5 8c		      lda	KSEED2
     45  126a		       45 8d		      eor	KSEED3
     46  126c		       4d 0d 90 	      eor	NOISE
     47  126f		       85 62		      sta	SEED+1
     48  1271		       60		      rts
     49  1272
     50  1272							; A 16-bit Galois LFSR (taken from: https://github.com/bbbradsmith/prng_6502/blob/master/galois16.s#L27)
     51  1272							; should generate 0 to ff number in RAND. We do 8 iteration since we need to generate 8 bits
     52  1272							;-------------------------------------------------------
     53  1272				   randgen
     54  1272		       a2 08		      ldx	#8
     55  1274		       a5 61		      lda	SEED+0
     56  1276				   a
     57  1276		       0a		      asl
     58  1277		       26 62		      rol	SEED+1
     59  1279		       90 02		      bcc	b	; if no bit is shifted out then b
     60  127b		       49 39		      eor	#$39	; If a bit is shfited out xor feedback
     61  127d				   b
     62  127d		       ca		      dex
     63  127e		       d0 f6		      bne	a	; decrement the loop counter and continue until it's not 0
     64  1280		       85 61		      sta	SEED+0
     65  1282		       c9 00		      cmp	#0
     66  1284		       85 60		      sta	RAND	; Store the resulting random number
     67  1286		       60		      rts
------- FILE game.s
     21  1287
     22  1287				  -	      if	. >= $1e00
     23  1287				  -	      echo	"err: attempt to overwrite video memory"
     24  1287				  -	      err
     25  1287					      endif
     26  1287
     27  1287							; ----------- init -------------
     28  1287
     29  1287				   .start
     30  1287		       4c 0d 10 	      jmp	title
     31  128a
     32  128a							; ------ game init and main loop ------------
     33  128a				   .init
     34  128a		       ea		      nop
     35  128b
     36  128b				   .game_loop
     37  128b		       ea		      nop
